<?xml version="1.0" encoding="UTF-8"?>
<testng-results ignored="0" total="1" passed="1" failed="0" skipped="0">
  <reporter-output>
  </reporter-output>
  <suite started-at="2025-06-25T18:34:27 EEST" name="Default Suite" finished-at="2025-06-25T18:34:37 EEST" duration-ms="9527">
    <groups>
    </groups>
    <test started-at="2025-06-25T18:34:27 EEST" name="LoginHappyPathTests.java" finished-at="2025-06-25T18:34:37 EEST" duration-ms="9527">
      <class name="org.yulianakoprinkova.RegisterTests.RegisterHappyPathTests">
        <test-method is-config="true" signature="setupTestSuite()[pri:0, instance:org.yulianakoprinkova.RegisterTests.RegisterHappyPathTests@3590fc5b]" started-at="2025-06-25T18:34:27 EEST" name="setupTestSuite" finished-at="2025-06-25T18:34:27 EEST" duration-ms="58" status="PASS">
          <reporter-output>
          </reporter-output>
        </test-method> <!-- setupTestSuite -->
        <test-method is-config="true" signature="setUp(java.lang.String,java.lang.reflect.Method)[pri:0, instance:org.yulianakoprinkova.RegisterTests.RegisterHappyPathTests@3590fc5b]" started-at="2025-06-25T18:34:27 EEST" name="setUp" finished-at="2025-06-25T18:34:31 EEST" duration-ms="4090" status="PASS">
          <params>
            <param index="0">
              <value>
                <![CDATA[chrome]]>
              </value>
            </param>
            <param index="1">
              <value>
                <![CDATA[public void org.yulianakoprinkova.RegisterTests.RegisterHappyPathTests.verifyTheUserCanRegisterWithValidCredentials()]]>
              </value>
            </param>
          </params>
          <reporter-output>
          </reporter-output>
        </test-method> <!-- setUp -->
        <test-method signature="verifyTheUserCanRegisterWithValidCredentials()[pri:0, instance:org.yulianakoprinkova.RegisterTests.RegisterHappyPathTests@3590fc5b]" started-at="2025-06-25T18:34:31 EEST" name="verifyTheUserCanRegisterWithValidCredentials" finished-at="2025-06-25T18:34:37 EEST" duration-ms="5114" status="PASS">
          <reporter-output>
          </reporter-output>
        </test-method> <!-- verifyTheUserCanRegisterWithValidCredentials -->
        <test-method is-config="true" signature="tearDown(org.testng.ITestResult)[pri:0, instance:org.yulianakoprinkova.RegisterTests.RegisterHappyPathTests@3590fc5b]" started-at="2025-06-25T18:34:37 EEST" name="tearDown" finished-at="2025-06-25T18:34:37 EEST" duration-ms="282" status="PASS">
          <params>
            <param index="0">
              <value>
                <![CDATA[[TestResult name=verifyTheUserCanRegisterWithValidCredentials status=SUCCESS method=RegisterHappyPathTests.verifyTheUserCanRegisterWithValidCredentials()[pri:0, instance:org.yulianakoprinkova.RegisterTests.RegisterHappyPathTests@3590fc5b] output={null}]]]>
              </value>
            </param>
          </params>
          <reporter-output>
          </reporter-output>
        </test-method> <!-- tearDown -->
        <test-method is-config="true" signature="cleanFiles()[pri:0, instance:org.yulianakoprinkova.RegisterTests.RegisterHappyPathTests@3590fc5b]" started-at="2025-06-25T18:34:37 EEST" name="cleanFiles" finished-at="2025-06-25T18:34:37 EEST" duration-ms="2" status="PASS">
          <reporter-output>
          </reporter-output>
        </test-method> <!-- cleanFiles -->
      </class> <!-- org.yulianakoprinkova.RegisterTests.RegisterHappyPathTests -->
    </test> <!-- LoginHappyPathTests.java -->
  </suite> <!-- Default Suite -->
</testng-results>
