<?xml version="1.0" encoding="UTF-8"?>
<testng-results ignored="0" total="3" passed="2" failed="1" skipped="0">
  <reporter-output>
  </reporter-output>
  <suite started-at="2025-06-29T20:12:27 EEST" name="All Test Suite" finished-at="2025-06-29T20:13:29 EEST" duration-ms="61939">
    <groups>
    </groups>
    <test started-at="2025-06-29T20:12:27 EEST" name="C:/Users/35988/IdeaProjects/Skillo-Final" finished-at="2025-06-29T20:13:29 EEST" duration-ms="61939">
      <class name="org.yulianakoprinkova.PostTests.PostTests">
        <test-method is-config="true" signature="setupTestSuite()[pri:0, instance:org.yulianakoprinkova.PostTests.PostTests@7fa98a66]" started-at="2025-06-29T20:12:27 EEST" name="setupTestSuite" finished-at="2025-06-29T20:12:27 EEST" duration-ms="142" status="PASS">
          <reporter-output>
          </reporter-output>
        </test-method> <!-- setupTestSuite -->
        <test-method is-config="true" signature="setUp(java.lang.String,java.lang.reflect.Method)[pri:0, instance:org.yulianakoprinkova.PostTests.PostTests@7fa98a66]" started-at="2025-06-29T20:12:27 EEST" name="setUp" finished-at="2025-06-29T20:12:32 EEST" duration-ms="4461" status="PASS">
          <params>
            <param index="0">
              <value>
                <![CDATA[chrome]]>
              </value>
            </param>
            <param index="1">
              <value>
                <![CDATA[public void org.yulianakoprinkova.PostTests.PostTests.verifyUserCanCreatePost()]]>
              </value>
            </param>
          </params>
          <reporter-output>
          </reporter-output>
        </test-method> <!-- setUp -->
        <test-method signature="verifyUserCanCreatePost()[pri:1, instance:org.yulianakoprinkova.PostTests.PostTests@7fa98a66]" started-at="2025-06-29T20:12:32 EEST" name="verifyUserCanCreatePost" finished-at="2025-06-29T20:12:48 EEST" duration-ms="16632" status="PASS">
          <reporter-output>
          </reporter-output>
        </test-method> <!-- verifyUserCanCreatePost -->
        <test-method is-config="true" signature="tearDown(org.testng.ITestResult)[pri:0, instance:org.yulianakoprinkova.PostTests.PostTests@7fa98a66]" started-at="2025-06-29T20:12:48 EEST" name="tearDown" finished-at="2025-06-29T20:12:49 EEST" duration-ms="557" status="PASS">
          <params>
            <param index="0">
              <value>
                <![CDATA[[TestResult name=verifyUserCanCreatePost status=SUCCESS method=PostTests.verifyUserCanCreatePost()[pri:1, instance:org.yulianakoprinkova.PostTests.PostTests@7fa98a66] output={null}]]]>
              </value>
            </param>
          </params>
          <reporter-output>
          </reporter-output>
        </test-method> <!-- tearDown -->
        <test-method is-config="true" signature="setUp(java.lang.String,java.lang.reflect.Method)[pri:0, instance:org.yulianakoprinkova.PostTests.PostTests@7fa98a66]" started-at="2025-06-29T20:12:49 EEST" name="setUp" finished-at="2025-06-29T20:12:51 EEST" duration-ms="2344" status="PASS">
          <params>
            <param index="0">
              <value>
                <![CDATA[chrome]]>
              </value>
            </param>
            <param index="1">
              <value>
                <![CDATA[public void org.yulianakoprinkova.PostTests.PostTests.verifyUserCanDeletePost()]]>
              </value>
            </param>
          </params>
          <reporter-output>
          </reporter-output>
        </test-method> <!-- setUp -->
        <test-method signature="verifyUserCanDeletePost()[pri:4, instance:org.yulianakoprinkova.PostTests.PostTests@7fa98a66]" started-at="2025-06-29T20:12:51 EEST" name="verifyUserCanDeletePost" finished-at="2025-06-29T20:13:22 EEST" duration-ms="30386" status="PASS">
          <reporter-output>
          </reporter-output>
        </test-method> <!-- verifyUserCanDeletePost -->
        <test-method is-config="true" signature="tearDown(org.testng.ITestResult)[pri:0, instance:org.yulianakoprinkova.PostTests.PostTests@7fa98a66]" started-at="2025-06-29T20:13:22 EEST" name="tearDown" finished-at="2025-06-29T20:13:22 EEST" duration-ms="452" status="PASS">
          <params>
            <param index="0">
              <value>
                <![CDATA[[TestResult name=verifyUserCanDeletePost status=SUCCESS method=PostTests.verifyUserCanDeletePost()[pri:4, instance:org.yulianakoprinkova.PostTests.PostTests@7fa98a66] output={null}]]]>
              </value>
            </param>
          </params>
          <reporter-output>
          </reporter-output>
        </test-method> <!-- tearDown -->
        <test-method is-config="true" signature="cleanFiles()[pri:0, instance:org.yulianakoprinkova.PostTests.PostTests@7fa98a66]" started-at="2025-06-29T20:13:29 EEST" name="cleanFiles" finished-at="2025-06-29T20:13:29 EEST" duration-ms="4" status="PASS">
          <reporter-output>
          </reporter-output>
        </test-method> <!-- cleanFiles -->
      </class> <!-- org.yulianakoprinkova.PostTests.PostTests -->
      <class name="org.yulianakoprinkova.RegisterTests.RegisterHappyPathTests">
        <test-method is-config="true" signature="setUp(java.lang.String,java.lang.reflect.Method)[pri:0, instance:org.yulianakoprinkova.RegisterTests.RegisterHappyPathTests@71809907]" started-at="2025-06-29T20:13:22 EEST" name="setUp" finished-at="2025-06-29T20:13:24 EEST" duration-ms="2149" status="PASS">
          <params>
            <param index="0">
              <value>
                <![CDATA[chrome]]>
              </value>
            </param>
            <param index="1">
              <value>
                <![CDATA[public void org.yulianakoprinkova.RegisterTests.RegisterHappyPathTests.verifyTheUserCanRegisterWithValidCredentials()]]>
              </value>
            </param>
          </params>
          <reporter-output>
          </reporter-output>
        </test-method> <!-- setUp -->
        <test-method signature="verifyTheUserCanRegisterWithValidCredentials()[pri:0, instance:org.yulianakoprinkova.RegisterTests.RegisterHappyPathTests@71809907]" started-at="2025-06-29T20:13:24 EEST" name="verifyTheUserCanRegisterWithValidCredentials" finished-at="2025-06-29T20:13:28 EEST" duration-ms="3802" status="FAIL">
          <exception class="java.lang.AssertionError">
            <message>
              <![CDATA[expected [Successful register!] but found [Email taken]]]>
            </message>
            <full-stacktrace>
              <![CDATA[java.lang.AssertionError: expected [Successful register!] but found [Email taken]
at org.testng.Assert.fail(Assert.java:111)
at org.testng.Assert.failNotEquals(Assert.java:1578)
at org.testng.Assert.assertEqualsImpl(Assert.java:150)
at org.testng.Assert.assertEquals(Assert.java:132)
at org.testng.Assert.assertEquals(Assert.java:656)
at org.testng.Assert.assertEquals(Assert.java:666)
at org.yulianakoprinkova.RegisterTests.RegisterHappyPathTests.verifyTheUserCanRegisterWithValidCredentials(RegisterHappyPathTests.java:59)
at java.base/jdk.internal.reflect.DirectMethodHandleAccessor.invoke(DirectMethodHandleAccessor.java:103)
at java.base/java.lang.reflect.Method.invoke(Method.java:580)
at org.testng.internal.invokers.MethodInvocationHelper.invokeMethod(MethodInvocationHelper.java:141)
at org.testng.internal.invokers.TestInvoker.invokeMethod(TestInvoker.java:686)
at org.testng.internal.invokers.TestInvoker.invokeTestMethod(TestInvoker.java:230)
at org.testng.internal.invokers.MethodRunner.runInSequence(MethodRunner.java:63)
at org.testng.internal.invokers.TestInvoker$MethodInvocationAgent.invoke(TestInvoker.java:992)
at org.testng.internal.invokers.TestInvoker.invokeTestMethods(TestInvoker.java:203)
at org.testng.internal.invokers.TestMethodWorker.invokeTestMethods(TestMethodWorker.java:154)
at org.testng.internal.invokers.TestMethodWorker.run(TestMethodWorker.java:134)
at java.base/java.util.ArrayList.forEach(ArrayList.java:1596)
at org.testng.TestRunner.privateRun(TestRunner.java:739)
at org.testng.TestRunner.run(TestRunner.java:614)
at org.testng.SuiteRunner.runTest(SuiteRunner.java:421)
at org.testng.SuiteRunner.runSequentially(SuiteRunner.java:413)
at org.testng.SuiteRunner.privateRun(SuiteRunner.java:373)
at org.testng.SuiteRunner.run(SuiteRunner.java:312)
at org.testng.SuiteRunnerWorker.runSuite(SuiteRunnerWorker.java:52)
at org.testng.SuiteRunnerWorker.run(SuiteRunnerWorker.java:95)
at org.testng.TestNG.runSuitesSequentially(TestNG.java:1274)
at org.testng.TestNG.runSuitesLocally(TestNG.java:1208)
at org.testng.TestNG.runSuites(TestNG.java:1112)
at org.testng.TestNG.run(TestNG.java:1079)
at org.apache.maven.surefire.testng.TestNGExecutor.run(TestNGExecutor.java:324)
at org.apache.maven.surefire.testng.TestNGXmlTestSuite.execute(TestNGXmlTestSuite.java:74)
at org.apache.maven.surefire.testng.TestNGProvider.invoke(TestNGProvider.java:123)
at org.apache.maven.surefire.booter.ForkedBooter.runSuitesInProcess(ForkedBooter.java:456)
at org.apache.maven.surefire.booter.ForkedBooter.execute(ForkedBooter.java:169)
at org.apache.maven.surefire.booter.ForkedBooter.run(ForkedBooter.java:595)
at org.apache.maven.surefire.booter.ForkedBooter.main(ForkedBooter.java:581)
]]>
            </full-stacktrace>
          </exception> <!-- java.lang.AssertionError -->
          <reporter-output>
          </reporter-output>
        </test-method> <!-- verifyTheUserCanRegisterWithValidCredentials -->
        <test-method is-config="true" signature="tearDown(org.testng.ITestResult)[pri:0, instance:org.yulianakoprinkova.RegisterTests.RegisterHappyPathTests@71809907]" started-at="2025-06-29T20:13:28 EEST" name="tearDown" finished-at="2025-06-29T20:13:29 EEST" duration-ms="1064" status="PASS">
          <params>
            <param index="0">
              <value>
                <![CDATA[[TestResult name=verifyTheUserCanRegisterWithValidCredentials status=FAILURE method=RegisterHappyPathTests.verifyTheUserCanRegisterWithValidCredentials()[pri:0, instance:org.yulianakoprinkova.RegisterTests.RegisterHappyPathTests@71809907] output={null}]]]>
              </value>
            </param>
          </params>
          <reporter-output>
          </reporter-output>
        </test-method> <!-- tearDown -->
      </class> <!-- org.yulianakoprinkova.RegisterTests.RegisterHappyPathTests -->
    </test> <!-- C:/Users/35988/IdeaProjects/Skillo-Final -->
  </suite> <!-- All Test Suite -->
</testng-results>
