<?xml version="1.0" encoding="UTF-8"?>
<testsuite xmlns:xsi="http://www.w3.org/2001/XMLSchema-instance" xsi:noNamespaceSchemaLocation="https://maven.apache.org/surefire/maven-surefire-plugin/xsd/surefire-test-report-3.0.xsd" version="3.0" name="TestSuite" time="63.47" tests="3" errors="0" skipped="0" failures="1">
  <properties>
[...]
</properties>
  <testcase name="verifyUserCanCreatePost" classname="org.yulianakoprinkova.PostTests.PostTests" time="16.632">
    <system-out><![CDATA[____________________________________________________________
Deleting unnecessary files from folder with path: src\test\resources\reports\
Deleted all files in Directory: src\test\resources\reports\
***   ***   ***
____________________________________________________________
Deleting unnecessary files from folder with path: src\test\resources\screenshots\
Deleted all files in Directory: src\test\resources\screenshots\
***   ***   ***
[main] 20:12:28,735 INFO  [GUI TAF]  ==== TEST CASE NAME : verifyUserCanCreatePost ON DATE : Sun Jun 29 20:12:28 EEST 2025  ==== 
[main] 20:12:28,748 INFO  [GUI TAF] Create driver: chrome
[main] 20:12:32,095 INFO  [GUI TAF] STEP 1: Navigating to Home page 
[main] 20:12:33,194 INFO  [GUI TAF] # CONFIRM: The user has navigated to the following url: http://training.skillo-bg.com:4300/posts/all
[main] 20:12:33,195 INFO  [GUI TAF] STEP 2: Navigating to Login page 
[main] 20:12:33,782 INFO  [GUI TAF] STEP 3: Logging with registered user credentials 
[main] 20:12:34,736 INFO  [GUI TAF] STEP 4: Click on New Post navigation bar 
[main] 20:12:35,437 INFO  [GUI TAF] STEP 5: Upload picture 
[main] 20:12:35,478 INFO  [GUI TAF] @ ACTION The user is verifying if web element is shown with locator: info LOCATOR STRATEGY BY :  CSS SELECTOR WITH LOCATOR EXPRESSION .file[type='file']]
[main] 20:12:42,794 ERROR [GUI TAF] * ERROR NOT SHOWN Web element with LOCATOR STRATEGY BY :  CSS SELECTOR WITH LOCATOR EXPRESSION .file[type='file']]
[main] 20:12:42,891 INFO  [GUI TAF] CONFIRMATION # The file was successfully uploaded.
[main] 20:12:42,892 INFO  [GUI TAF] STEP 6: Provide post caption
[main] 20:12:43,498 INFO  [GUI TAF] CONFIRMATION # The user has provided caption text: Test caption
[main] 20:12:43,498 INFO  [GUI TAF] STEP 7: Click on Create Post Button
[main] 20:12:43,703 INFO  [GUI TAF] CONFIRMATION # The user has clicked on the submit post button.
[main] 20:12:43,704 INFO  [GUI TAF] STEP 8: Check if new post is shown on Profile page
[main] 20:12:47,964 INFO  [GUI TAF] STEP 9: Check if the image in the new post is visible
[main] 20:12:48,633 INFO  [GUI TAF] STEP 10: Check if the user name on the post is correct
]]></system-out>
    <system-err><![CDATA[SLF4J: Failed to load class "org.slf4j.impl.StaticLoggerBinder".
SLF4J: Defaulting to no-operation (NOP) logger implementation
SLF4J: See http://www.slf4j.org/codes.html#StaticLoggerBinder for further details.
Jun 29, 2025 8:12:29 PM org.openqa.selenium.manager.SeleniumManager lambda$runCommand$1
WARNING: The chromedriver version (136.0.7103.92) detected in PATH at C:\Browsers\chromedriver.exe might not be compatible with the detected chrome version (137.0.7151.122); currently, chromedriver 137.0.7151.119 is recommended for chrome 137.*, so it is advised to delete the driver in PATH and retry
Jun 29, 2025 8:12:31 PM org.openqa.selenium.devtools.CdpVersionFinder findNearestMatch
WARNING: Unable to find CDP implementation matching 137
Jun 29, 2025 8:12:31 PM org.openqa.selenium.chromium.ChromiumDriver lambda$new$5
WARNING: Unable to find version of CDP to use for 137.0.7151.122. You may need to include a dependency on a specific version of the CDP using something similar to `org.seleniumhq.selenium:selenium-devtools-v86:4.25.0` where the version ("v86") matches the version of the chromium-based browser you're using and the version number of the artifact is the same as Selenium's.
]]></system-err>
  </testcase>
  <testcase name="verifyUserCanDeletePost" classname="org.yulianakoprinkova.PostTests.PostTests" time="30.386">
    <system-out><![CDATA[[main] 20:12:48,728 INFO  [GUI TAF] LAST STEP: Closing driver
[main] 20:12:49,288 INFO  [GUI TAF]  ==== TEST CASE NAME : verifyUserCanDeletePost ON DATE : Sun Jun 29 20:12:49 EEST 2025  ==== 
[main] 20:12:49,288 INFO  [GUI TAF] Create driver: chrome
[main] 20:12:51,634 INFO  [GUI TAF] STEP 1: Navigating to Home page 
[main] 20:12:52,696 INFO  [GUI TAF] # CONFIRM: The user has navigated to the following url: http://training.skillo-bg.com:4300/posts/all
[main] 20:12:52,696 INFO  [GUI TAF] STEP 2: Navigating to Login page 
[main] 20:12:53,423 INFO  [GUI TAF] STEP 3: Logging with registered user credentials 
[main] 20:12:54,360 INFO  [GUI TAF] STEP 4. Navigating to Profile page.
[main] 20:12:55,170 INFO  [GUI TAF] The user has clicked on element: [[ChromeDriver: chrome on windows (81589b6d9942faabbf3000fc77159a9f)] -> id: nav-link-profile]
[main] 20:12:55,171 INFO  [GUI TAF] STEP 5: Click on post on Profile page.
[main] 20:12:56,163 INFO  [GUI TAF] STEP 6: Click on Delete Post Button.
[main] 20:13:21,612 INFO  [GUI TAF] The user has clicked on element: Proxy element for: DefaultElementLocator 'By.xpath: //label[contains(@class,'delete-ask')]'
[main] 20:13:21,612 INFO  [GUI TAF] STEP 7: Confirm deleting post
[main] 20:13:21,823 INFO  [GUI TAF] The user has clicked on element: [[ChromeDriver: chrome on windows (81589b6d9942faabbf3000fc77159a9f)] -> xpath: //button[contains(@class,'btn btn-primary btn-sm')]]
[main] 20:13:21,824 INFO  [GUI TAF] STEP 8: Check if Delete message is visible
[main] 20:13:22,018 INFO  [GUI TAF] CONFIRMATION # The Post Deleted! message is displayed.
]]></system-out>
    <system-err><![CDATA[Jun 29, 2025 8:12:50 PM org.openqa.selenium.manager.SeleniumManager lambda$runCommand$1
WARNING: The chromedriver version (136.0.7103.92) detected in PATH at C:\Browsers\chromedriver.exe might not be compatible with the detected chrome version (137.0.7151.122); currently, chromedriver 137.0.7151.119 is recommended for chrome 137.*, so it is advised to delete the driver in PATH and retry
Jun 29, 2025 8:12:51 PM org.openqa.selenium.devtools.CdpVersionFinder findNearestMatch
WARNING: Unable to find CDP implementation matching 137
Jun 29, 2025 8:12:51 PM org.openqa.selenium.chromium.ChromiumDriver lambda$new$5
WARNING: Unable to find version of CDP to use for 137.0.7151.122. You may need to include a dependency on a specific version of the CDP using something similar to `org.seleniumhq.selenium:selenium-devtools-v86:4.25.0` where the version ("v86") matches the version of the chromium-based browser you're using and the version number of the artifact is the same as Selenium's.
]]></system-err>
  </testcase>
  <testcase name="verifyTheUserCanRegisterWithValidCredentials" classname="org.yulianakoprinkova.RegisterTests.RegisterHappyPathTests" time="3.806">
    <failure message="expected [Successful register!] but found [Email taken]" type="java.lang.AssertionError"><![CDATA[java.lang.AssertionError: expected [Successful register!] but found [Email taken]
	at org.testng.Assert.fail(Assert.java:111)
	at org.testng.Assert.failNotEquals(Assert.java:1578)
	at org.testng.Assert.assertEqualsImpl(Assert.java:150)
	at org.testng.Assert.assertEquals(Assert.java:132)
	at org.testng.Assert.assertEquals(Assert.java:656)
	at org.testng.Assert.assertEquals(Assert.java:666)
	at org.yulianakoprinkova.RegisterTests.RegisterHappyPathTests.verifyTheUserCanRegisterWithValidCredentials(RegisterHappyPathTests.java:59)
	at java.base/jdk.internal.reflect.DirectMethodHandleAccessor.invoke(DirectMethodHandleAccessor.java:103)
	at java.base/java.lang.reflect.Method.invoke(Method.java:580)
	at org.testng.internal.invokers.MethodInvocationHelper.invokeMethod(MethodInvocationHelper.java:141)
	at org.testng.internal.invokers.TestInvoker.invokeMethod(TestInvoker.java:686)
	at org.testng.internal.invokers.TestInvoker.invokeTestMethod(TestInvoker.java:230)
	at org.testng.internal.invokers.MethodRunner.runInSequence(MethodRunner.java:63)
	at org.testng.internal.invokers.TestInvoker$MethodInvocationAgent.invoke(TestInvoker.java:992)
	at org.testng.internal.invokers.TestInvoker.invokeTestMethods(TestInvoker.java:203)
	at org.testng.internal.invokers.TestMethodWorker.invokeTestMethods(TestMethodWorker.java:154)
	at org.testng.internal.invokers.TestMethodWorker.run(TestMethodWorker.java:134)
	at java.base/java.util.ArrayList.forEach(ArrayList.java:1596)
	at org.testng.TestRunner.privateRun(TestRunner.java:739)
	at org.testng.TestRunner.run(TestRunner.java:614)
	at org.testng.SuiteRunner.runTest(SuiteRunner.java:421)
	at org.testng.SuiteRunner.runSequentially(SuiteRunner.java:413)
	at org.testng.SuiteRunner.privateRun(SuiteRunner.java:373)
	at org.testng.SuiteRunner.run(SuiteRunner.java:312)
	at org.testng.SuiteRunnerWorker.runSuite(SuiteRunnerWorker.java:52)
	at org.testng.SuiteRunnerWorker.run(SuiteRunnerWorker.java:95)
	at org.testng.TestNG.runSuitesSequentially(TestNG.java:1274)
	at org.testng.TestNG.runSuitesLocally(TestNG.java:1208)
	at org.testng.TestNG.runSuites(TestNG.java:1112)
	at org.testng.TestNG.run(TestNG.java:1079)
	at org.apache.maven.surefire.testng.TestNGExecutor.run(TestNGExecutor.java:324)
	at org.apache.maven.surefire.testng.TestNGXmlTestSuite.execute(TestNGXmlTestSuite.java:74)
	at org.apache.maven.surefire.testng.TestNGProvider.invoke(TestNGProvider.java:123)
	at org.apache.maven.surefire.booter.ForkedBooter.runSuitesInProcess(ForkedBooter.java:456)
	at org.apache.maven.surefire.booter.ForkedBooter.execute(ForkedBooter.java:169)
	at org.apache.maven.surefire.booter.ForkedBooter.run(ForkedBooter.java:595)
	at org.apache.maven.surefire.booter.ForkedBooter.main(ForkedBooter.java:581)
]]></failure>
    <system-out><![CDATA[[main] 20:13:22,020 INFO  [GUI TAF] LAST STEP: Closing driver
[main] 20:13:22,474 INFO  [GUI TAF]  ==== TEST CASE NAME : verifyTheUserCanRegisterWithValidCredentials ON DATE : Sun Jun 29 20:13:22 EEST 2025  ==== 
[main] 20:13:22,475 INFO  [GUI TAF] Create driver: chrome
[main] 20:13:24,624 INFO  [GUI TAF] STEP 1: Navigating to Registration Page 
[main] 20:13:25,832 INFO  [GUI TAF] # CONFIRM: The user has navigated to the following url: http://training.skillo-bg.com:4300/users/register
[main] 20:13:25,833 INFO  [GUI TAF] STEP 2. Verify the user is on the Registration page 
[main] 20:13:25,862 INFO  [GUI TAF] STEP 3. Verify the registration form title 
[main] 20:13:25,998 INFO  [GUI TAF] # CONFIRM: The web element text is: Sign up
[main] 20:13:25,998 INFO  [GUI TAF] STEP 4. Provide registration username
[main] 20:13:26,389 INFO  [GUI TAF] # CONFIRM: The user has provided the text User89 in element [[ChromeDriver: chrome on windows (47a946be8e4c5c89015d11561894b932)] -> xpath: //input[contains(@name, "username")]]
[main] 20:13:26,389 INFO  [GUI TAF] STEP 5. Provide registration email
[main] 20:13:26,796 INFO  [GUI TAF] # CONFIRM: The user has provided the text user24@gmail.com in element [[ChromeDriver: chrome on windows (47a946be8e4c5c89015d11561894b932)] -> xpath: //input[contains(@type, "email")]]
[main] 20:13:26,796 INFO  [GUI TAF] STEP 6. Provide registration birthdate
[main] 20:13:27,035 INFO  [GUI TAF] # CONFIRM: The user has provided the text 22022022 in element [[ChromeDriver: chrome on windows (47a946be8e4c5c89015d11561894b932)] -> xpath: //input[contains(@formcontrolname, "birthDate")]]
[main] 20:13:27,035 INFO  [GUI TAF] STEP 7. Provide new password
[main] 20:13:27,314 INFO  [GUI TAF] # CONFIRM: The user has provided the text 22022022!A in element [[ChromeDriver: chrome on windows (47a946be8e4c5c89015d11561894b932)] -> id: defaultRegisterFormPassword]
[main] 20:13:27,314 INFO  [GUI TAF] STEP 8. Confirm password
[main] 20:13:27,574 INFO  [GUI TAF] # CONFIRM: The user has provided the text 22022022!A in element [[ChromeDriver: chrome on windows (47a946be8e4c5c89015d11561894b932)] -> id: defaultRegisterPhonePassword]
[main] 20:13:27,574 INFO  [GUI TAF] STEP 9. Provide public info
[main] 20:13:27,858 INFO  [GUI TAF] # CONFIRM: The user has provided the text Public profile in element [[ChromeDriver: chrome on windows (47a946be8e4c5c89015d11561894b932)] -> xpath: //textarea]
[main] 20:13:27,859 INFO  [GUI TAF] STEP 10. Click on Sign In button
[main] 20:13:28,120 INFO  [GUI TAF] The user has clicked on element: [[ChromeDriver: chrome on windows (47a946be8e4c5c89015d11561894b932)] -> id: sign-in-button]
[main] 20:13:28,120 INFO  [GUI TAF] STEP 11. Assert if successful registration popup message is shown
[main] 20:13:28,316 INFO  [GUI TAF] @ ACTION The user is verifying if web element is shown with locator: info LOCATOR STRATEGY BY :  ID WITH LOCATOR EXPRESSION toast-container]
[main] 20:13:28,358 INFO  [GUI TAF] # CONFIRM The web element is shown with info: LOCATOR STRATEGY BY :  ID WITH LOCATOR EXPRESSION toast-container]
[main] 20:13:28,358 INFO  [GUI TAF] STEP 12. Assert correct text of successful register message is shown
[main] 20:13:28,413 INFO  [GUI TAF] # CONFIRM: The web element text is: Email taken
]]></system-out>
    <system-err><![CDATA[Jun 29, 2025 8:13:23 PM org.openqa.selenium.manager.SeleniumManager lambda$runCommand$1
WARNING: The chromedriver version (136.0.7103.92) detected in PATH at C:\Browsers\chromedriver.exe might not be compatible with the detected chrome version (137.0.7151.122); currently, chromedriver 137.0.7151.119 is recommended for chrome 137.*, so it is advised to delete the driver in PATH and retry
Jun 29, 2025 8:13:24 PM org.openqa.selenium.devtools.CdpVersionFinder findNearestMatch
WARNING: Unable to find CDP implementation matching 137
Jun 29, 2025 8:13:24 PM org.openqa.selenium.chromium.ChromiumDriver lambda$new$5
WARNING: Unable to find version of CDP to use for 137.0.7151.122. You may need to include a dependency on a specific version of the CDP using something similar to `org.seleniumhq.selenium:selenium-devtools-v86:4.25.0` where the version ("v86") matches the version of the chromium-based browser you're using and the version number of the artifact is the same as Selenium's.
]]></system-err>
  </testcase>
</testsuite>